[35m[Appium][39m Welcome to Appium v1.22.3
[35m[Appium][39m Non-default server args:
[35m[Appium][39m   port: 63050
[35m[Appium][39m   loglevel: info
[35m[Appium][39m   tmpDir: C:\Users\ASUS\AppData\Local\Temp\\Katalon\Appium\Temp1658301637999
[35m[Appium][39m   chromedriverPort: 63051
[35m[Appium][39m Deprecated server args:
[35m[Appium][39m   [31m--chromedriver-port[39m => --default-capabilities
[35m[Appium][39m Default capabilities, which will be added to each request unless overridden by desired capabilities:
[35m[Appium][39m   chromedriverPort: 63051
[35m[Appium][39m Appium REST http interface listener started on 0.0.0.0:63050
[35m[HTTP][39m [37m-->[39m [37mGET[39m [37m/wd/hub/status[39m
[35m[HTTP][39m [90m{}[39m
[35m[HTTP][39m [37m<-- GET /wd/hub/status [39m[32m200[39m [90m17 ms - 68[39m
[35m[HTTP][39m [90m[39m
[35m[HTTP][39m [37m-->[39m [37mGET[39m [37m/wd/hub/status[39m
[35m[HTTP][39m [90m{}[39m
[35m[HTTP][39m [37m<-- GET /wd/hub/status [39m[32m200[39m [90m2 ms - 68[39m
[35m[HTTP][39m [90m[39m
[35m[HTTP][39m [37m-->[39m [37mPOST[39m [37m/wd/hub/session[39m
[35m[HTTP][39m [90m{"desiredCapabilities":{"app":"C:\\Users\\ASUS\\Downloads\\app-armeabi-v7a-release (2).apk","noReset":true,"deviceName":"vivo V2111 (Android 11)","fullReset":false,"platform":"ANDROID","newCommandTimeout":1800,"platformVersion":"11","automationName":"uiautomator2","autoGrantPermissions":true,"platformName":"Android","udid":"34163094450011Z","systemPort":63079},"capabilities":{"firstMatch":[{"appium:app":"C:\\Users\\ASUS\\Downloads\\app-armeabi-v7a-release (2).apk","appium:autoGrantPermissions":true,"appium:automationName":"uiautomator2","appium:deviceName":"vivo V2111 (Android 11)","appium:fullReset":false,"appium:newCommandTimeout":1800,"appium:noReset":true,"platform":"ANDROID","platformName":"android","appium:platformVersion":"11","appium:systemPort":63079,"appium:udid":"34163094450011Z"}]}}[39m
[35m[BaseDriver][39m The following capabilities are not standard capabilities and should have an extension prefix:
[35m[BaseDriver][39m   platform
[35m[BaseDriver][39m   chromedriverPort
[35m[Appium][39m Appium v1.22.3 creating new AndroidUiautomator2Driver (v1.70.1) session
[35m[BaseDriver][39m The following capabilities were provided, but are not recognized by Appium:
[35m[BaseDriver][39m   platform
[35m[BaseDriver][39m Session created with session id: f0a40ba8-be17-4971-8d0a-47e3d22a2127
[35m[BaseDriver][39m Using local app 'C:\Users\ASUS\Downloads\app-armeabi-v7a-release (2).apk'
[35m[ADB][39m Found 1 'build-tools' folders under 'C:\Users\ASUS\.katalon\tools\android_sdk' (newest first):
[35m[ADB][39m     C:/Users/ASUS/.katalon/tools/android_sdk/build-tools/29.0.3
[35m[ADB][39m Using 'adb.exe' from 'C:\Users\ASUS\.katalon\tools\android_sdk\platform-tools\adb.exe'
[35m[AndroidDriver][39m Retrieving device list
[35m[AndroidDriver][39m Using device: 34163094450011Z
[35m[ADB][39m Using 'adb.exe' from 'C:\Users\ASUS\.katalon\tools\android_sdk\platform-tools\adb.exe'
[35m[ADB][39m Getting device platform version
[35m[UiAutomator2][39m Relaxing hidden api policy
[35m[ADB][39m Package name: 'com.example.kantoor_app'
[35m[ADB][39m Main activity name: 'com.example.kantoor_app.MainActivity'
[35m[ADB][39m Using 'apksigner.jar' from 'C:\Users\ASUS\.katalon\tools\android_sdk\build-tools\29.0.3\lib\apksigner.jar'
[35m[ADB][39m 'C:\Users\ASUS\AppData\Roaming\npm\node_modules\appium\node_modules\appium-uiautomator2-server\apks\appium-uiautomator2-server-v4.27.0.apk' is signed with the default certificate
[35m[ADB][39m 'C:\Users\ASUS\AppData\Roaming\npm\node_modules\appium\node_modules\appium-uiautomator2-server\apks\appium-uiautomator2-server-debug-androidTest.apk' is signed with the default certificate
[35m[UiAutomator2][39m Server packages are not going to be (re)installed
[35m[ADB][39m Adding packages ["io.appium.settings","io.appium.uiautomator2.server","io.appium.uiautomator2.server.test"] to Doze whitelist
[35m[ADB][39m 'C:\Users\ASUS\Downloads\app-armeabi-v7a-release (2).apk' is signed with a non-default certificate
[35m[UiAutomator2][39m Starting UIAutomator2 server 4.27.0
[35m[UiAutomator2][39m Using UIAutomator2 server from 'C:\Users\ASUS\AppData\Roaming\npm\node_modules\appium\node_modules\appium-uiautomator2-server\apks\appium-uiautomator2-server-v4.27.0.apk' and test from 'C:\Users\ASUS\AppData\Roaming\npm\node_modules\appium\node_modules\appium-uiautomator2-server\apks\appium-uiautomator2-server-debug-androidTest.apk'
[35m[UiAutomator2][39m Waiting up to 30000ms for UiAutomator2 to be online...
[35m[WD Proxy][39m socket hang up
[35m[WD Proxy][39m socket hang up
[35m[WD Proxy][39m socket hang up
[35m[WD Proxy][39m socket hang up
[35m[WD Proxy][39m Determined the downstream protocol as 'W3C'
[35m[AndroidDriver][39m Screen already unlocked, doing nothing
[35m[UiAutomator2][39m Starting 'com.example.kantoor_app/com.example.kantoor_app.MainActivity and waiting for 'com.example.kantoor_app/com.example.kantoor_app.MainActivity'
[35m[Appium][39m New AndroidUiautomator2Driver session created successfully, session f0a40ba8-be17-4971-8d0a-47e3d22a2127 added to master session list
[35m[HTTP][39m [37m<-- POST /wd/hub/session [39m[32m200[39m [90m25638 ms - 1279[39m
[35m[HTTP][39m [90m[39m
[35m[HTTP][39m [37m-->[39m [37mGET[39m [37m/wd/hub/session/f0a40ba8-be17-4971-8d0a-47e3d22a2127[39m
[35m[HTTP][39m [90m{}[39m
[35m[HTTP][39m [37m<-- GET /wd/hub/session/f0a40ba8-be17-4971-8d0a-47e3d22a2127 [39m[32m200[39m [90m28 ms - 1233[39m
[35m[HTTP][39m [90m[39m
[35m[HTTP][39m [37m-->[39m [37mGET[39m [37m/wd/hub/session/f0a40ba8-be17-4971-8d0a-47e3d22a2127[39m
[35m[HTTP][39m [90m{}[39m
[35m[HTTP][39m [37m<-- GET /wd/hub/session/f0a40ba8-be17-4971-8d0a-47e3d22a2127 [39m[32m200[39m [90m31 ms - 1233[39m
[35m[HTTP][39m [90m[39m
[35m[HTTP][39m [37m-->[39m [37mGET[39m [37m/wd/hub/status[39m
[35m[HTTP][39m [90m{}[39m
[35m[HTTP][39m [37m<-- GET /wd/hub/status [39m[32m200[39m [90m3 ms - 68[39m
[35m[HTTP][39m [90m[39m
[35m[HTTP][39m [37m-->[39m [37mPOST[39m [37m/wd/hub/session/f0a40ba8-be17-4971-8d0a-47e3d22a2127/timeouts[39m
[35m[HTTP][39m [90m{"implicit":60000}[39m
[35m[HTTP][39m [37m<-- POST /wd/hub/session/f0a40ba8-be17-4971-8d0a-47e3d22a2127/timeouts [39m[32m200[39m [90m9 ms - 14[39m
[35m[HTTP][39m [90m[39m
[35m[HTTP][39m [37m-->[39m [37mGET[39m [37m/wd/hub/session/f0a40ba8-be17-4971-8d0a-47e3d22a2127/source[39m
[35m[HTTP][39m [90m{}[39m
[35m[W3C (f0a40ba8)][39m Driver proxy active, passing request on via HTTP proxy
[35m[WD Proxy][39m Replacing sessionId a8abfae6-0b8c-4864-9f4d-ea4274adc263 with f0a40ba8-be17-4971-8d0a-47e3d22a2127
[35m[HTTP][39m [37m<-- GET /wd/hub/session/f0a40ba8-be17-4971-8d0a-47e3d22a2127/source [39m[32m200[39m [90m220 ms - 4852[39m
[35m[HTTP][39m [90m[39m
[35m[HTTP][39m [37m-->[39m [37mGET[39m [37m/wd/hub/session/f0a40ba8-be17-4971-8d0a-47e3d22a2127/screenshot[39m
[35m[HTTP][39m [90m{}[39m
[35m[HTTP][39m [37m<-- GET /wd/hub/session/f0a40ba8-be17-4971-8d0a-47e3d22a2127/screenshot [39m[32m200[39m [90m534 ms - 46968[39m
[35m[HTTP][39m [90m[39m
[35m[HTTP][39m [37m-->[39m [37mGET[39m [37m/wd/hub/session/f0a40ba8-be17-4971-8d0a-47e3d22a2127/source[39m
[35m[HTTP][39m [90m{}[39m
[35m[W3C (f0a40ba8)][39m Driver proxy active, passing request on via HTTP proxy
[35m[WD Proxy][39m Replacing sessionId a8abfae6-0b8c-4864-9f4d-ea4274adc263 with f0a40ba8-be17-4971-8d0a-47e3d22a2127
[35m[HTTP][39m [37m<-- GET /wd/hub/session/f0a40ba8-be17-4971-8d0a-47e3d22a2127/source [39m[32m200[39m [90m182 ms - 9314[39m
[35m[HTTP][39m [90m[39m
[35m[HTTP][39m [37m-->[39m [37mGET[39m [37m/wd/hub/session/f0a40ba8-be17-4971-8d0a-47e3d22a2127/screenshot[39m
[35m[HTTP][39m [90m{}[39m
[35m[HTTP][39m [37m<-- GET /wd/hub/session/f0a40ba8-be17-4971-8d0a-47e3d22a2127/screenshot [39m[32m200[39m [90m814 ms - 458358[39m
[35m[HTTP][39m [90m[39m
[35m[HTTP][39m [37m-->[39m [37mGET[39m [37m/wd/hub/session/f0a40ba8-be17-4971-8d0a-47e3d22a2127/source[39m
[35m[HTTP][39m [90m{}[39m
[35m[W3C (f0a40ba8)][39m Driver proxy active, passing request on via HTTP proxy
[35m[WD Proxy][39m Replacing sessionId a8abfae6-0b8c-4864-9f4d-ea4274adc263 with f0a40ba8-be17-4971-8d0a-47e3d22a2127
[35m[HTTP][39m [37m<-- GET /wd/hub/session/f0a40ba8-be17-4971-8d0a-47e3d22a2127/source [39m[32m200[39m [90m169 ms - 9311[39m
[35m[HTTP][39m [90m[39m
[35m[HTTP][39m [37m-->[39m [37mGET[39m [37m/wd/hub/session/f0a40ba8-be17-4971-8d0a-47e3d22a2127/screenshot[39m
[35m[HTTP][39m [90m{}[39m
[35m[HTTP][39m [37m<-- GET /wd/hub/session/f0a40ba8-be17-4971-8d0a-47e3d22a2127/screenshot [39m[32m200[39m [90m818 ms - 459368[39m
[35m[HTTP][39m [90m[39m
[35m[HTTP][39m [37m-->[39m [37mGET[39m [37m/wd/hub/session/f0a40ba8-be17-4971-8d0a-47e3d22a2127/source[39m
[35m[HTTP][39m [90m{}[39m
[35m[W3C (f0a40ba8)][39m Driver proxy active, passing request on via HTTP proxy
[35m[WD Proxy][39m Replacing sessionId a8abfae6-0b8c-4864-9f4d-ea4274adc263 with f0a40ba8-be17-4971-8d0a-47e3d22a2127
[35m[HTTP][39m [37m<-- GET /wd/hub/session/f0a40ba8-be17-4971-8d0a-47e3d22a2127/source [39m[32m200[39m [90m562 ms - 10800[39m
[35m[HTTP][39m [90m[39m
[35m[HTTP][39m [37m-->[39m [37mGET[39m [37m/wd/hub/session/f0a40ba8-be17-4971-8d0a-47e3d22a2127/screenshot[39m
[35m[HTTP][39m [90m{}[39m
[35m[HTTP][39m [37m<-- GET /wd/hub/session/f0a40ba8-be17-4971-8d0a-47e3d22a2127/screenshot [39m[32m200[39m [90m530 ms - 116154[39m
[35m[HTTP][39m [90m[39m
[35m[HTTP][39m [37m-->[39m [37mPOST[39m [37m/wd/hub/session/f0a40ba8-be17-4971-8d0a-47e3d22a2127/elements[39m
[35m[HTTP][39m [90m{"using":"xpath","value":"//*[@class = 'android.view.View' and @resource-id = '' and (@text = '' or . = '')]"}[39m
[35m[HTTP][39m [37m<-- POST /wd/hub/session/f0a40ba8-be17-4971-8d0a-47e3d22a2127/elements [39m[32m200[39m [90m762 ms - 2187[39m
[35m[HTTP][39m [90m[39m
[35m[HTTP][39m [37m-->[39m [37mPOST[39m [37m/wd/hub/session/f0a40ba8-be17-4971-8d0a-47e3d22a2127/elements[39m
[35m[HTTP][39m [90m{"using":"-android uiautomator","value":"new UiSelector().className(\"android.view.View\").resourceId(\"\")"}[39m
[35m[HTTP][39m [37m<-- POST /wd/hub/session/f0a40ba8-be17-4971-8d0a-47e3d22a2127/elements [39m[32m200[39m [90m761 ms - 2187[39m
[35m[HTTP][39m [90m[39m
[35m[HTTP][39m [37m-->[39m [37mPOST[39m [37m/wd/hub/session/f0a40ba8-be17-4971-8d0a-47e3d22a2127/elements[39m
[35m[HTTP][39m [90m{"using":"xpath","value":"//*[@class = 'android.widget.EditText' and (@text = 'Ketikkan komentar Anda mengenai penyewaan Gedung ini.' or . = 'Ketikkan komentar Anda mengenai penyewaan Gedung ini.') and @resource-id = '']"}[39m
[35m[HTTP][39m [37m<-- POST /wd/hub/session/f0a40ba8-be17-4971-8d0a-47e3d22a2127/elements [39m[32m200[39m [90m177 ms - 139[39m
[35m[HTTP][39m [90m[39m
[35m[HTTP][39m [37m-->[39m [37mPOST[39m [37m/wd/hub/session/f0a40ba8-be17-4971-8d0a-47e3d22a2127/elements[39m
[35m[HTTP][39m [90m{"using":"xpath","value":"//*[@class = 'android.widget.Button' and @resource-id = '' and (@text = '' or . = '')]"}[39m
[35m[HTTP][39m [37m<-- POST /wd/hub/session/f0a40ba8-be17-4971-8d0a-47e3d22a2127/elements [39m[32m200[39m [90m155 ms - 267[39m
[35m[HTTP][39m [90m[39m
[35m[HTTP][39m [37m-->[39m [37mPOST[39m [37m/wd/hub/session/f0a40ba8-be17-4971-8d0a-47e3d22a2127/elements[39m
[35m[HTTP][39m [90m{"using":"accessibility id","value":"Kirim Review"}[39m
[35m[HTTP][39m [37m<-- POST /wd/hub/session/f0a40ba8-be17-4971-8d0a-47e3d22a2127/elements [39m[32m200[39m [90m39 ms - 139[39m
[35m[HTTP][39m [90m[39m
[35m[HTTP][39m [37m-->[39m [37mGET[39m [37m/wd/hub/session/f0a40ba8-be17-4971-8d0a-47e3d22a2127/source[39m
[35m[HTTP][39m [90m{}[39m
[35m[W3C (f0a40ba8)][39m Driver proxy active, passing request on via HTTP proxy
[35m[WD Proxy][39m Replacing sessionId a8abfae6-0b8c-4864-9f4d-ea4274adc263 with f0a40ba8-be17-4971-8d0a-47e3d22a2127
[35m[HTTP][39m [37m<-- GET /wd/hub/session/f0a40ba8-be17-4971-8d0a-47e3d22a2127/source [39m[32m200[39m [90m120 ms - 11114[39m
[35m[HTTP][39m [90m[39m
[35m[HTTP][39m [37m-->[39m [37mGET[39m [37m/wd/hub/session/f0a40ba8-be17-4971-8d0a-47e3d22a2127/screenshot[39m
[35m[HTTP][39m [90m{}[39m
[35m[HTTP][39m [37m<-- GET /wd/hub/session/f0a40ba8-be17-4971-8d0a-47e3d22a2127/screenshot [39m[32m200[39m [90m784 ms - 459598[39m
[35m[HTTP][39m [90m[39m
[35m[HTTP][39m [37m-->[39m [37mPOST[39m [37m/wd/hub/session/f0a40ba8-be17-4971-8d0a-47e3d22a2127/elements[39m
[35m[HTTP][39m [90m{"using":"xpath","value":"//*[@class = 'android.widget.Button' and @resource-id = '' and (@text = '' or . = '')]"}[39m
[35m[HTTP][39m [37m<-- POST /wd/hub/session/f0a40ba8-be17-4971-8d0a-47e3d22a2127/elements [39m[32m200[39m [90m172 ms - 267[39m
[35m[HTTP][39m [90m[39m
[35m[HTTP][39m [37m-->[39m [37mPOST[39m [37m/wd/hub/session/f0a40ba8-be17-4971-8d0a-47e3d22a2127/elements[39m
[35m[HTTP][39m [90m{"using":"accessibility id","value":"Buat Review"}[39m
[35m[HTTP][39m [37m<-- POST /wd/hub/session/f0a40ba8-be17-4971-8d0a-47e3d22a2127/elements [39m[32m200[39m [90m43 ms - 139[39m
[35m[HTTP][39m [90m[39m
[35m[HTTP][39m [37m-->[39m [37mGET[39m [37m/wd/hub/session/f0a40ba8-be17-4971-8d0a-47e3d22a2127/source[39m
[35m[HTTP][39m [90m{}[39m
[35m[W3C (f0a40ba8)][39m Driver proxy active, passing request on via HTTP proxy
[35m[WD Proxy][39m Replacing sessionId a8abfae6-0b8c-4864-9f4d-ea4274adc263 with f0a40ba8-be17-4971-8d0a-47e3d22a2127
[35m[HTTP][39m [37m<-- GET /wd/hub/session/f0a40ba8-be17-4971-8d0a-47e3d22a2127/source [39m[32m200[39m [90m108 ms - 12230[39m
[35m[HTTP][39m [90m[39m
[35m[HTTP][39m [37m-->[39m [37mGET[39m [37m/wd/hub/session/f0a40ba8-be17-4971-8d0a-47e3d22a2127/screenshot[39m
[35m[HTTP][39m [90m{}[39m
[35m[HTTP][39m [37m<-- GET /wd/hub/session/f0a40ba8-be17-4971-8d0a-47e3d22a2127/screenshot [39m[32m200[39m [90m542 ms - 116270[39m
[35m[HTTP][39m [90m[39m
[35m[HTTP][39m [37m-->[39m [37mPOST[39m [37m/wd/hub/session/f0a40ba8-be17-4971-8d0a-47e3d22a2127/elements[39m
[35m[HTTP][39m [90m{"using":"xpath","value":"//*[@class = 'android.widget.Button' and @resource-id = '' and (@text = '' or . = '')]"}[39m
[35m[HTTP][39m [37m<-- POST /wd/hub/session/f0a40ba8-be17-4971-8d0a-47e3d22a2127/elements [39m[32m200[39m [90m196 ms - 267[39m
[35m[HTTP][39m [90m[39m
[35m[HTTP][39m [37m-->[39m [37mPOST[39m [37m/wd/hub/session/f0a40ba8-be17-4971-8d0a-47e3d22a2127/elements[39m
[35m[HTTP][39m [90m{"using":"accessibility id","value":"Kirim Review"}[39m
[35m[HTTP][39m [37m<-- POST /wd/hub/session/f0a40ba8-be17-4971-8d0a-47e3d22a2127/elements [39m[32m200[39m [90m48 ms - 139[39m
[35m[HTTP][39m [90m[39m
[35m[BaseDriver][39m Shutting down because we waited 1800 seconds for a command
[35m[Appium][39m Closing session, cause was 'New Command Timeout of 1800 seconds expired. Try customizing the timeout using the 'newCommandTimeout' desired capability'
[35m[Appium][39m Removing session 'f0a40ba8-be17-4971-8d0a-47e3d22a2127' from our master session list
[35m[UiAutomator2][39m Did not get confirmation UiAutomator2 deleteSession worked; Error was: UnknownError: An unknown server-side error occurred while processing the command. Original error: 'DELETE /' cannot be proxied to UiAutomator2 server because the instrumentation process is not running (probably crashed). Check the server log and/or the logcat output for more details
[35m[UiAutomator2][39m Restoring hidden api policy to the device default configuration
